<?xml version="1.0" encoding="UTF-8"?>
<!-- Generated by org.testng.reporters.JUnitReportReporter -->
<testsuite hostname="DESKTOP-HL94SUI" failures="0" tests="1" name="learning.selenium.batchTest.LoginTest" time="0.037" errors="0" timestamp="2023-06-21T18:30:07 IST" skipped="0">
  <testcase classname="learning.selenium.batchTest.LoginTest" name="loginByName" time="0.037"/>
</testsuite> <!-- learning.selenium.batchTest.LoginTest -->
