<?xml version="1.0" encoding="UTF-8"?>
<!-- Generated by org.testng.reporters.JUnitReportReporter -->
<testsuite hostname="DESKTOP-HL94SUI" failures="0" tests="2" name="learning.selenium.batchTest.SignupTest" time="0.036" errors="0" timestamp="2023-06-21T17:02:17 IST" skipped="0">
  <testcase classname="learning.selenium.batchTest.SignupTest" name="signUpByName" time="0.030"/>
  <testcase classname="learning.selenium.batchTest.SignupTest" name="signUpByEmail" time="0.006"/>
</testsuite> <!-- learning.selenium.batchTest.SignupTest -->
