<?xml version="1.0" encoding="UTF-8"?>
<!-- Generated by org.testng.reporters.JUnitReportReporter -->
<testsuite hostname="DESKTOP-HL94SUI" failures="0" tests="1" name="learning.selenium.pom.RegistrationTest" time="32.314" errors="0" timestamp="2023-06-22T16:35:06 IST" skipped="0">
  <testcase classname="learning.selenium.pom.RegistrationTest" name="register" time="32.314"/>
</testsuite> <!-- learning.selenium.pom.RegistrationTest -->
