<?xml version="1.0" encoding="UTF-8"?>
<!-- Generated by org.testng.reporters.JUnitReportReporter -->
<testsuite hostname="HP448" failures="0" tests="1" name="learning.selenium.batchTest.ClkOnButton" time="0.009" errors="0" timestamp="2023-06-28T18:01:45 IST" skipped="0">
  <testcase classname="learning.selenium.batchTest.ClkOnButton" name="clkLogin" time="0.009"/>
</testsuite> <!-- learning.selenium.batchTest.ClkOnButton -->
