<?xml version="1.0" encoding="UTF-8"?>
<!-- Generated by org.testng.reporters.JUnitReportReporter -->
<testsuite hostname="DESKTOP-HL94SUI" failures="0" tests="2" name="learning.selenium.batchTest.PaymentTest" time="0.034" errors="0" timestamp="2023-06-21T15:30:39 IST" skipped="0">
  <testcase classname="learning.selenium.batchTest.PaymentTest" name="paymentInRs" time="0.006"/>
  <testcase classname="learning.selenium.batchTest.PaymentTest" name="paymentInDollar" time="0.028"/>
</testsuite> <!-- learning.selenium.batchTest.PaymentTest -->
