<?xml version="1.0" encoding="UTF-8"?>
<!-- Generated by org.testng.reporters.JUnitReportReporter -->
<testsuite hostname="DESKTOP-HL94SUI" failures="0" tests="2" name="learning.selenium.testNG.TestNgTest" time="0.032" errors="0" timestamp="2023-06-21T13:02:45 IST" skipped="0">
  <testcase classname="learning.selenium.testNG.TestNgTest" name="testMethod1" time="0.013"/>
  <testcase classname="learning.selenium.testNG.TestNgTest" name="testMethod2" time="0.019"/>
</testsuite> <!-- learning.selenium.testNG.TestNgTest -->
