<?xml version="1.0" encoding="UTF-8"?>
<!-- Generated by org.testng.reporters.JUnitReportReporter -->
<testsuite hostname="DESKTOP-HL94SUI" failures="0" tests="1" name="learning.selenium.batchTest.PaymentReturns" time="0.007" errors="0" timestamp="2023-06-21T15:30:39 IST" skipped="0">
  <testcase classname="learning.selenium.batchTest.PaymentReturns" name="paymentReturn" time="0.007"/>
</testsuite> <!-- learning.selenium.batchTest.PaymentReturns -->
