<?xml version="1.0" encoding="UTF-8"?>
<!-- Generated by org.testng.reporters.JUnitReportReporter -->
<testsuite hostname="DESKTOP-HL94SUI" failures="0" tests="1" name="learning.selenium.batchTest.ClkOnButton" time="0.028" errors="0" timestamp="2023-06-21T17:02:17 IST" skipped="0">
  <testcase classname="learning.selenium.batchTest.ClkOnButton" name="clkLogin" time="0.028"/>
</testsuite> <!-- learning.selenium.batchTest.ClkOnButton -->
