<?xml version="1.0" encoding="UTF-8"?>
<!-- Generated by org.testng.reporters.JUnitReportReporter -->
<testsuite hostname="DESKTOP-HL94SUI" failures="0" tests="1" name="learning.selenium.testNG.LoginTest" time="4.051" errors="0" timestamp="2023-06-21T14:05:06 IST" skipped="0">
  <testcase classname="learning.selenium.testNG.LoginTest" name="loginTsestCase" time="4.051"/>
</testsuite> <!-- learning.selenium.testNG.LoginTest -->
