<?xml version="1.0" encoding="UTF-8"?>
<!-- Generated by org.testng.reporters.JUnitReportReporter -->
<testsuite hostname="DESKTOP-HL94SUI" failures="0" tests="2" name="learning.selenium.crossBrowser.CrossBrowserTesting" time="10.129" errors="0" timestamp="2023-06-22T20:13:49 IST" skipped="0">
  <testcase classname="learning.selenium.crossBrowser.CrossBrowserTesting" name="login" time="5.929"/>
  <testcase classname="learning.selenium.crossBrowser.CrossBrowserTesting" name="login" time="4.200"/>
</testsuite> <!-- learning.selenium.crossBrowser.CrossBrowserTesting -->
