<?xml version="1.0" encoding="UTF-8"?>
<!-- Generated by org.testng.reporters.JUnitReportReporter -->
<testsuite hostname="HP448" failures="0" tests="2" name="learning.selenium.batchTest.SignupTest" time="0.006" errors="0" timestamp="2023-06-28T18:01:45 IST" skipped="0">
  <testcase classname="learning.selenium.batchTest.SignupTest" name="signUpByName" time="0.005"/>
  <testcase classname="learning.selenium.batchTest.SignupTest" name="signUpByEmail" time="0.001"/>
</testsuite> <!-- learning.selenium.batchTest.SignupTest -->
