<?xml version="1.0" encoding="UTF-8"?>
<!-- Generated by org.testng.reporters.JUnitReportReporter -->
<testsuite hostname="HP448" failures="0" tests="1" name="learning.selenium.batchTest.PaymentReturns" time="0.001" errors="0" timestamp="2023-06-28T18:01:45 IST" skipped="0">
  <testcase classname="learning.selenium.batchTest.PaymentReturns" name="paymentReturn" time="0.001"/>
</testsuite> <!-- learning.selenium.batchTest.PaymentReturns -->
