<?xml version="1.0" encoding="UTF-8"?>
<!-- Generated by org.testng.reporters.JUnitReportReporter -->
<testsuite hostname="HP448" failures="0" tests="2" name="learning.selenium.batchTest.PaymentTest" time="0.004" errors="0" timestamp="2023-06-28T18:01:45 IST" skipped="0">
  <testcase classname="learning.selenium.batchTest.PaymentTest" name="paymentInRs" time="0.001"/>
  <testcase classname="learning.selenium.batchTest.PaymentTest" name="paymentInDollar" time="0.003"/>
</testsuite> <!-- learning.selenium.batchTest.PaymentTest -->
