<?xml version="1.0" encoding="UTF-8"?>
<!-- Generated by org.testng.reporters.JUnitReportReporter -->
<testsuite hostname="HP448" failures="0" tests="2" name="learning.selenium.batchTest.LoginTest" time="0.004" errors="0" timestamp="2023-06-28T18:01:45 IST" skipped="0">
  <testcase classname="learning.selenium.batchTest.LoginTest" name="loginByName" time="0.002"/>
  <testcase classname="learning.selenium.batchTest.LoginTest" name="loginByEmail" time="0.002"/>
</testsuite> <!-- learning.selenium.batchTest.LoginTest -->
