<?xml version="1.0" encoding="UTF-8"?>
<!-- Generated by org.testng.reporters.JUnitReportReporter -->
<testsuite hostname="DESKTOP-HL94SUI" failures="0" tests="1" name="learning.selenium.testNG.SampleTest" time="0.037" errors="0" timestamp="2023-06-20T15:49:41 IST" skipped="0">
  <testcase classname="learning.selenium.testNG.SampleTest" name="demoTest" time="0.037"/>
</testsuite> <!-- learning.selenium.testNG.SampleTest -->
